{"level":"info","message":"Application is listening on port 16700","service":"user-service"}
{"level":"info","message":"Application is listening on port 16700","service":"user-service"}
{"level":"info","message":"Application is listening on port 16700","service":"user-service"}
{"level":"info","message":"Application is listening on port 16700","service":"user-service"}
{"level":"info","message":"Application is listening on port 16700","service":"user-service"}
{"level":"info","message":"Application is listening on port 16700","service":"user-service"}
{"level":"info","message":"Application is listening on port 16700","service":"momos"}
{"level":"info","message":"Application is listening on port 16700","service":"momos"}
{"level":"info","message":"Application is listening on port 16700","service":"momos"}
{"level":"info","message":"Application is listening on port 16700","service":"momos"}
{"level":"info","message":"Application is listening on port 16700","service":"momos"}
{"level":"info","message":"Application is listening on port 16700","service":"momos"}
{"level":"info","message":"------------ DD connection established successfully -------------","service":"momos"}
{"level":"info","message":"Application is listening on port 16700","service":"momos"}
{"level":"info","message":"------------ Database connection established successfully -------------","service":"momos"}
{"level":"info","message":"Application is listening on port 16700","service":"momos"}
{"level":"info","message":"------------ Database connection established successfully -------------","service":"momos"}
{"level":"info","message":"------ Table DDL queries executed successfully ----------------","service":"momos"}
{"level":"info","message":"Application is listening on port 16700","service":"momos"}
{"level":"info","message":"------------ Database connection established successfully -------------","service":"momos"}
{"level":"info","message":"------ Table DDL queries executed successfully ----------------","service":"momos"}
{"level":"info","message":"Application is listening on port 16700","service":"momos"}
{"level":"info","message":"------------ Database connection established successfully -------------","service":"momos"}
{"level":"info","message":"------ Table DDL queries executed successfully ----------------","service":"momos"}
{"level":"info","message":"Application is listening on port 16700","service":"momos"}
{"level":"info","message":"------------ Database connection established successfully -------------","service":"momos"}
{"level":"info","message":"------ Table DDL queries executed successfully ----------------","service":"momos"}
{"level":"info","message":"Application is listening on port 16700","service":"momos"}
{"level":"info","message":"------------ Database connection established successfully -------------","service":"momos"}
{"level":"info","message":"------ Table DDL queries executed successfully ----------------","service":"momos"}
{"level":"info","message":"Application is listening on port 16700","service":"momos"}
{"level":"info","message":"------------ Database connection established successfully -------------","service":"momos"}
{"level":"info","message":"------ Table DDL queries executed successfully ----------------","service":"momos"}
{"level":"info","message":"Application is listening on port 16700","service":"momos"}
{"level":"info","message":"------------ Database connection established successfully -------------","service":"momos"}
{"level":"info","message":"------ Table DDL queries executed successfully ----------------","service":"momos"}
{"level":"info","message":"Application is listening on port 16700","service":"momos"}
{"level":"info","message":"------------ Database connection established successfully -------------","service":"momos"}
{"level":"info","message":"------ Table DDL queries executed successfully ----------------","service":"momos"}
{"level":"info","message":"Application is listening on port 16700","service":"momos"}
{"level":"info","message":"------------ Database connection established successfully -------------","service":"momos"}
{"level":"info","message":"------ Table DDL queries executed successfully ----------------","service":"momos"}
{"level":"info","message":"Application is listening on port 16700","service":"momos"}
{"level":"info","message":"------------ Database connection established successfully -------------","service":"momos"}
{"level":"info","message":"------ Table DDL queries executed successfully ----------------","service":"momos"}
{"level":"info","message":"Application is listening on port 16700","service":"momos"}
{"level":"info","message":"------------ Database connection established successfully -------------","service":"momos"}
{"level":"info","message":"------ Table DDL queries executed successfully ----------------","service":"momos"}
{"level":"info","message":"Application is listening on port 16700","service":"momos"}
{"level":"info","message":"------------ Database connection established successfully -------------","service":"momos"}
{"level":"info","message":"------ Table DDL queries executed successfully ----------------","service":"momos"}
{"level":"info","message":"Application is listening on port 16700","service":"momos"}
{"level":"info","message":"------------ Database connection established successfully -------------","service":"momos"}
{"level":"info","message":"------ Table DDL queries executed successfully ----------------","service":"momos"}
{"level":"info","message":"Application is listening on port 16700","service":"momos"}
{"level":"info","message":"------------ Database connection established successfully -------------","service":"momos"}
{"level":"info","message":"------ Table DDL queries executed successfully ----------------","service":"momos"}
{"level":"info","message":"Application is listening on port 16700","service":"momos"}
{"level":"info","message":"------------ Database connection established successfully -------------","service":"momos"}
{"level":"info","message":"------ Table DDL queries executed successfully ----------------","service":"momos"}
{"level":"info","message":"Application is listening on port 16700","service":"momos"}
{"level":"info","message":"------------ Database connection established successfully -------------","service":"momos"}
{"level":"info","message":"------ Table DDL queries executed successfully ----------------","service":"momos"}
{"level":"info","message":"Application is listening on port 16700","service":"momos"}
{"level":"info","message":"------------ Database connection established successfully -------------","service":"momos"}
{"level":"info","message":"------ Table DDL queries executed successfully ----------------","service":"momos"}
{"level":"info","message":"Application is listening on port 16700","service":"momos"}
{"level":"info","message":"------------ Database connection established successfully -------------","service":"momos"}
{"level":"info","message":"------ Table DDL queries executed successfully ----------------","service":"momos"}
{"level":"info","message":"Application is listening on port 16700","service":"momos"}
{"level":"info","message":"------------ Database connection established successfully -------------","service":"momos"}
{"level":"info","message":"------ Table DDL queries executed successfully ----------------","service":"momos"}
{"level":"info","message":"Application is listening on port 16700","service":"momos"}
{"level":"info","message":"------------ Database connection established successfully -------------","service":"momos"}
{"level":"info","message":"------ Table DDL queries executed successfully ----------------","service":"momos"}
{"level":"info","message":"Application is listening on port 16700","service":"momos"}
{"level":"info","message":"------------ Database connection established successfully -------------","service":"momos"}
{"level":"info","message":"------ Table DDL queries executed successfully ----------------","service":"momos"}
{"level":"info","message":"Application is listening on port 16700","service":"momos"}
{"level":"info","message":"------------ Database connection established successfully -------------","service":"momos"}
{"level":"info","message":"------ Table DDL queries executed successfully ----------------","service":"momos"}
{"level":"info","message":"Application is listening on port 16700","service":"momos"}
{"level":"info","message":"------------ Database connection established successfully -------------","service":"momos"}
{"level":"info","message":"------ Table DDL queries executed successfully ----------------","service":"momos"}
{"level":"info","message":"Application is listening on port 16700","service":"momos"}
{"level":"info","message":"------------ Database connection established successfully -------------","service":"momos"}
{"level":"info","message":"------ Table DDL queries executed successfully ----------------","service":"momos"}
{"level":"info","message":"Application is listening on port 16700","service":"momos"}
{"level":"info","message":"------------ Database connection established successfully -------------","service":"momos"}
{"level":"info","message":"------ Table DDL queries executed successfully ----------------","service":"momos"}
{"level":"info","message":"Application is listening on port 16700","service":"momos"}
{"level":"info","message":"------------ Database connection established successfully -------------","service":"momos"}
{"level":"info","message":"------ Table DDL queries executed successfully ----------------","service":"momos"}
{"level":"info","message":"Application is listening on port 16700","service":"momos"}
{"level":"info","message":"------------ Database connection established successfully -------------","service":"momos"}
{"level":"info","message":"------ Table DDL queries executed successfully ----------------","service":"momos"}
{"level":"info","message":"Application is listening on port 16700","service":"momos"}
{"level":"info","message":"------------ Database connection established successfully -------------","service":"momos"}
{"level":"info","message":"------ Table DDL queries executed successfully ----------------","service":"momos"}
{"level":"info","message":"Application is listening on port 16700","service":"momos"}
{"level":"info","message":"------------ Database connection established successfully -------------","service":"momos"}
{"level":"info","message":"------ Table DDL queries executed successfully ----------------","service":"momos"}
{"level":"info","message":"Application is listening on port 16700","service":"momos"}
{"level":"info","message":"------------ Database connection established successfully -------------","service":"momos"}
{"level":"info","message":"------ Table DDL queries executed successfully ----------------","service":"momos"}
{"level":"info","message":"Application is listening on port 16700","service":"momos"}
{"level":"info","message":"------------ Database connection established successfully -------------","service":"momos"}
{"level":"info","message":"------ Table DDL queries executed successfully ----------------","service":"momos"}
{"level":"info","message":"Application is listening on port 16700","service":"momos"}
{"level":"info","message":"------------ Database connection established successfully -------------","service":"momos"}
{"level":"info","message":"------ Table DDL queries executed successfully ----------------","service":"momos"}
{"level":"info","message":"Application is listening on port 16700","service":"momos"}
{"level":"info","message":"------------ Database connection established successfully -------------","service":"momos"}
{"level":"info","message":"------ Table DDL queries executed successfully ----------------","service":"momos"}
{"level":"info","message":"Application is listening on port 16700","service":"momos"}
{"level":"info","message":"------------ Database connection established successfully -------------","service":"momos"}
{"level":"info","message":"------ Table DDL queries executed successfully ----------------","service":"momos"}
{"level":"info","message":"Application is listening on port 16700","service":"momos"}
{"level":"info","message":"------------ Database connection established successfully -------------","service":"momos"}
{"level":"info","message":"------ Table DDL queries executed successfully ----------------","service":"momos"}
{"level":"info","message":"Application is listening on port 16700","service":"momos"}
{"level":"info","message":"------------ Database connection established successfully -------------","service":"momos"}
{"level":"info","message":"------ Table DDL queries executed successfully ----------------","service":"momos"}
{"level":"info","message":"Application is listening on port 16700","service":"momos"}
{"level":"info","message":"------------ Database connection established successfully -------------","service":"momos"}
{"level":"info","message":"------ Table DDL queries executed successfully ----------------","service":"momos"}
{"level":"info","message":"Application is listening on port 16700","service":"momos"}
{"level":"info","message":"------------ Database connection established successfully -------------","service":"momos"}
{"level":"info","message":"------ Table DDL queries executed successfully ----------------","service":"momos"}
{"level":"info","message":"Application is listening on port 16700","service":"momos"}
{"level":"info","message":"------------ Database connection established successfully -------------","service":"momos"}
{"level":"info","message":"------ Table DDL queries executed successfully ----------------","service":"momos"}
{"level":"info","message":"Application is listening on port 16700","service":"momos"}
{"level":"info","message":"------------ Database connection established successfully -------------","service":"momos"}
{"level":"info","message":"------ Table DDL queries executed successfully ----------------","service":"momos"}
{"level":"info","message":"Application is listening on port 16700","service":"momos"}
{"level":"info","message":"------------ Database connection established successfully -------------","service":"momos"}
{"level":"info","message":"------ Table DDL queries executed successfully ----------------","service":"momos"}
{"level":"info","message":"Application is listening on port 16700","service":"momos"}
{"level":"info","message":"------------ Database connection established successfully -------------","service":"momos"}
{"level":"info","message":"------ Table DDL queries executed successfully ----------------","service":"momos"}
{"level":"info","message":"Application is listening on port 16700","service":"momos"}
{"level":"info","message":"------------ Database connection established successfully -------------","service":"momos"}
{"level":"info","message":"------ Table DDL queries executed successfully ----------------","service":"momos"}
{"level":"info","message":"Application is listening on port 16700","service":"momos"}
{"level":"info","message":"------------ Database connection established successfully -------------","service":"momos"}
{"level":"info","message":"------ Table DDL queries executed successfully ----------------","service":"momos"}
{"level":"info","message":"Application is listening on port 16700","service":"momos"}
{"level":"info","message":"------------ Database connection established successfully -------------","service":"momos"}
{"level":"info","message":"------ Table DDL queries executed successfully ----------------","service":"momos"}
{"level":"info","message":"Application is listening on port 16700","service":"momos"}
{"level":"info","message":"------------ Database connection established successfully -------------","service":"momos"}
{"level":"info","message":"------ Table DDL queries executed successfully ----------------","service":"momos"}
{"level":"info","message":"Application is listening on port 16700","service":"momos"}
{"level":"info","message":"------------ Database connection established successfully -------------","service":"momos"}
{"level":"info","message":"------ Table DDL queries executed successfully ----------------","service":"momos"}
{"level":"info","message":"Application is listening on port 16700","service":"momos"}
{"level":"info","message":"------------ Database connection established successfully -------------","service":"momos"}
{"level":"info","message":"------ Table DDL queries executed successfully ----------------","service":"momos"}
{"level":"info","message":"Application is listening on port 16700","service":"momos"}
{"level":"info","message":"------------ Database connection established successfully -------------","service":"momos"}
{"level":"info","message":"------ Table DDL queries executed successfully ----------------","service":"momos"}
{"level":"info","message":"Application is listening on port 16700","service":"momos"}
{"level":"info","message":"------------ Database connection established successfully -------------","service":"momos"}
{"level":"info","message":"------ Table DDL queries executed successfully ----------------","service":"momos"}
{"level":"info","message":"Application is listening on port 16700","service":"momos"}
{"level":"info","message":"------------ Database connection established successfully -------------","service":"momos"}
{"level":"info","message":"------ Table DDL queries executed successfully ----------------","service":"momos"}
{"level":"info","message":"Application is listening on port 16700","service":"momos"}
{"level":"info","message":"------------ Database connection established successfully -------------","service":"momos"}
{"level":"info","message":"------ Table DDL queries executed successfully ----------------","service":"momos"}
{"level":"info","message":"Application is listening on port 16700","service":"momos"}
{"level":"info","message":"------------ Database connection established successfully -------------","service":"momos"}
{"level":"info","message":"------ Table DDL queries executed successfully ----------------","service":"momos"}
{"level":"info","message":"Application is listening on port 16700","service":"momos"}
{"level":"info","message":"------------ Database connection established successfully -------------","service":"momos"}
{"level":"info","message":"------ Table DDL queries executed successfully ----------------","service":"momos"}
{"level":"info","message":"Application is listening on port 16700","service":"momos"}
{"level":"info","message":"------------ Database connection established successfully -------------","service":"momos"}
{"level":"info","message":"------ Table DDL queries executed successfully ----------------","service":"momos"}
{"level":"info","message":"---------- hashing the password to a secure text ------------","service":"momos"}
{"level":"info","message":"Application is listening on port 16700","service":"momos"}
{"level":"info","message":"------------ Database connection established successfully -------------","service":"momos"}
{"level":"info","message":"------ Table DDL queries executed successfully ----------------","service":"momos"}
{"level":"info","message":"Application is listening on port 16700","service":"momos"}
{"level":"info","message":"------------ Database connection established successfully -------------","service":"momos"}
{"level":"info","message":"------ Table DDL queries executed successfully ----------------","service":"momos"}
{"level":"info","message":"Application is listening on port 16700","service":"momos"}
{"level":"info","message":"------------ Database connection established successfully -------------","service":"momos"}
{"level":"info","message":"------ Table DDL queries executed successfully ----------------","service":"momos"}
{"level":"info","message":"Application is listening on port 16700","service":"momos"}
{"level":"info","message":"------------ Database connection established successfully -------------","service":"momos"}
{"level":"info","message":"------ Table DDL queries executed successfully ----------------","service":"momos"}
{"level":"info","message":"Application is listening on port 16700","service":"momos"}
{"level":"info","message":"------------ Database connection established successfully -------------","service":"momos"}
{"level":"info","message":"------ Table DDL queries executed successfully ----------------","service":"momos"}
{"level":"info","message":"Application is listening on port 16700","service":"momos"}
{"level":"info","message":"------------ Database connection established successfully -------------","service":"momos"}
{"level":"info","message":"------ Table DDL queries executed successfully ----------------","service":"momos"}
{"level":"info","message":"Application is listening on port 16700","service":"momos"}
{"level":"info","message":"------------ Database connection established successfully -------------","service":"momos"}
{"level":"info","message":"------ Table DDL queries executed successfully ----------------","service":"momos"}
{"level":"info","message":"Application is listening on port 16700","service":"momos"}
{"level":"info","message":"------------ Database connection established successfully -------------","service":"momos"}
{"level":"info","message":"------ Table DDL queries executed successfully ----------------","service":"momos"}
{"level":"info","message":"Application is listening on port 16700","service":"momos"}
{"level":"info","message":"------------ Database connection established successfully -------------","service":"momos"}
{"level":"info","message":"------ Table DDL queries executed successfully ----------------","service":"momos"}
{"level":"info","message":"Application is listening on port 16700","service":"momos"}
{"level":"info","message":"------------ Database connection established successfully -------------","service":"momos"}
{"level":"info","message":"------ Table DDL queries executed successfully ----------------","service":"momos"}
{"level":"info","message":"Application is listening on port 16700","service":"momos"}
{"level":"info","message":"------------ Database connection established successfully -------------","service":"momos"}
{"level":"info","message":"------ Table DDL queries executed successfully ----------------","service":"momos"}
{"level":"info","message":"Application is listening on port 16700","service":"momos"}
{"level":"info","message":"------------ Database connection established successfully -------------","service":"momos"}
{"level":"info","message":"------ Table DDL queries executed successfully ----------------","service":"momos"}
{"level":"info","message":"Application is listening on port 16700","service":"momos"}
{"level":"info","message":"------------ Database connection established successfully -------------","service":"momos"}
{"level":"info","message":"------ Table DDL queries executed successfully ----------------","service":"momos"}
{"level":"info","message":"Application is listening on port 16700","service":"momos"}
{"level":"info","message":"------------ Database connection established successfully -------------","service":"momos"}
{"level":"info","message":"------ Table DDL queries executed successfully ----------------","service":"momos"}
{"level":"info","message":"Application is listening on port 16700","service":"momos"}
{"level":"info","message":"------------ Database connection established successfully -------------","service":"momos"}
{"level":"info","message":"------ Table DDL queries executed successfully ----------------","service":"momos"}
{"level":"info","message":"Application is listening on port 16700","service":"momos"}
{"level":"info","message":"------------ Database connection established successfully -------------","service":"momos"}
{"level":"info","message":"------ Table DDL queries executed successfully ----------------","service":"momos"}
{"level":"info","message":"Application is listening on port 16700","service":"momos"}
{"level":"info","message":"------------ Database connection established successfully -------------","service":"momos"}
{"level":"info","message":"------ Table DDL queries executed successfully ----------------","service":"momos"}
{"level":"info","message":"Application is listening on port 16700","service":"momos"}
{"level":"info","message":"------------ Database connection established successfully -------------","service":"momos"}
{"level":"info","message":"------ Table DDL queries executed successfully ----------------","service":"momos"}
{"level":"info","message":"Application is listening on port 16700","service":"momos"}
{"level":"info","message":"------------ Database connection established successfully -------------","service":"momos"}
{"level":"info","message":"------ Table DDL queries executed successfully ----------------","service":"momos"}
{"level":"info","message":"Application is listening on port 16700","service":"momos"}
{"level":"info","message":"------------ Database connection established successfully -------------","service":"momos"}
{"level":"info","message":"------ Table DDL queries executed successfully ----------------","service":"momos"}
{"level":"info","message":"Application is listening on port 16700","service":"momos"}
{"level":"info","message":"------------ Database connection established successfully -------------","service":"momos"}
{"level":"info","message":"------ Table DDL queries executed successfully ----------------","service":"momos"}
{"level":"info","message":"Application is listening on port 16700","service":"momos"}
{"level":"info","message":"------------ Database connection established successfully -------------","service":"momos"}
{"level":"info","message":"------ Table DDL queries executed successfully ----------------","service":"momos"}
{"level":"info","message":"Application is listening on port 16700","service":"momos"}
{"level":"info","message":"------------ Database connection established successfully -------------","service":"momos"}
{"level":"info","message":"------ Table DDL queries executed successfully ----------------","service":"momos"}
{"level":"info","message":"Application is listening on port 16700","service":"momos"}
{"level":"info","message":"------------ Database connection established successfully -------------","service":"momos"}
{"level":"info","message":"------ Table DDL queries executed successfully ----------------","service":"momos"}
{"level":"info","message":"Application is listening on port 16700","service":"momos"}
{"level":"info","message":"------------ Database connection established successfully -------------","service":"momos"}
{"level":"info","message":"------ Table DDL queries executed successfully ----------------","service":"momos"}
{"level":"info","message":"Application is listening on port 16700","service":"momos"}
{"level":"info","message":"------------ Database connection established successfully -------------","service":"momos"}
{"level":"info","message":"------ Table DDL queries executed successfully ----------------","service":"momos"}
{"level":"info","message":"Application is listening on port 16700","service":"momos"}
{"level":"info","message":"------------ Database connection established successfully -------------","service":"momos"}
{"level":"info","message":"------ Table DDL queries executed successfully ----------------","service":"momos"}
{"level":"info","message":"Application is listening on port 16700","service":"momos"}
{"level":"info","message":"------------ Database connection established successfully -------------","service":"momos"}
{"level":"info","message":"------ Table DDL queries executed successfully ----------------","service":"momos"}
{"level":"info","message":"Application is listening on port 16700","service":"momos"}
{"level":"info","message":"------------ Database connection established successfully -------------","service":"momos"}
{"level":"info","message":"------ Table DDL queries executed successfully ----------------","service":"momos"}
{"level":"info","message":"Application is listening on port 16700","service":"momos"}
{"level":"info","message":"------------ Database connection established successfully -------------","service":"momos"}
{"level":"info","message":"------ Table DDL queries executed successfully ----------------","service":"momos"}
{"level":"info","message":"Application is listening on port 16700","service":"momos"}
{"level":"info","message":"------------ Database connection established successfully -------------","service":"momos"}
{"level":"info","message":"------ Table DDL queries executed successfully ----------------","service":"momos"}
{"level":"info","message":"Application is listening on port 16700","service":"momos"}
{"level":"info","message":"------------ Database connection established successfully -------------","service":"momos"}
{"level":"info","message":"------ Table DDL queries executed successfully ----------------","service":"momos"}
{"level":"info","message":"Application is listening on port 16700","service":"momos"}
{"level":"info","message":"------------ Database connection established successfully -------------","service":"momos"}
{"level":"info","message":"------ Table DDL queries executed successfully ----------------","service":"momos"}
{"level":"info","message":"Application is listening on port 16700","service":"momos"}
{"level":"info","message":"------------ Database connection established successfully -------------","service":"momos"}
{"level":"info","message":"------ Table DDL queries executed successfully ----------------","service":"momos"}
{"level":"info","message":"Application is listening on port 16700","service":"momos"}
{"level":"info","message":"------------ Database connection established successfully -------------","service":"momos"}
{"level":"info","message":"------ Table DDL queries executed successfully ----------------","service":"momos"}
{"level":"info","message":"Application is listening on port 16700","service":"momos"}
{"level":"info","message":"------------ Database connection established successfully -------------","service":"momos"}
{"level":"info","message":"------ Table DDL queries executed successfully ----------------","service":"momos"}
{"level":"info","message":"Application is listening on port 16700","service":"momos"}
{"level":"info","message":"------------ Database connection established successfully -------------","service":"momos"}
{"level":"info","message":"------ Table DDL queries executed successfully ----------------","service":"momos"}
{"level":"info","message":"Application is listening on port 16700","service":"momos"}
{"level":"info","message":"------------ Database connection established successfully -------------","service":"momos"}
{"level":"info","message":"------ Table DDL queries executed successfully ----------------","service":"momos"}
{"level":"info","message":"Application is listening on port 16700","service":"momos"}
{"level":"info","message":"------------ Database connection established successfully -------------","service":"momos"}
{"level":"info","message":"------ Table DDL queries executed successfully ----------------","service":"momos"}
{"level":"info","message":"Application is listening on port 16700","service":"momos"}
{"level":"info","message":"------------ Database connection established successfully -------------","service":"momos"}
{"level":"info","message":"------ Table DDL queries executed successfully ----------------","service":"momos"}
{"level":"info","message":"Application is listening on port 16700","service":"momos"}
{"level":"info","message":"------------ Database connection established successfully -------------","service":"momos"}
{"level":"info","message":"------ Table DDL queries executed successfully ----------------","service":"momos"}
{"level":"info","message":"Application is listening on port 16700","service":"momos"}
{"level":"info","message":"------------ Database connection established successfully -------------","service":"momos"}
{"level":"info","message":"------ Table DDL queries executed successfully ----------------","service":"momos"}
{"level":"info","message":"Application is listening on port 16700","service":"momos"}
{"level":"info","message":"------------ Database connection established successfully -------------","service":"momos"}
{"level":"info","message":"------ Table DDL queries executed successfully ----------------","service":"momos"}
{"level":"info","message":"Application is listening on port 16700","service":"momos"}
{"level":"info","message":"------------ Database connection established successfully -------------","service":"momos"}
{"level":"info","message":"------ Table DDL queries executed successfully ----------------","service":"momos"}
{"level":"info","message":"Application is listening on port 16700","service":"momos"}
{"level":"info","message":"------------ Database connection established successfully -------------","service":"momos"}
{"level":"info","message":"------ Table DDL queries executed successfully ----------------","service":"momos"}
{"level":"info","message":"Application is listening on port 16700","service":"momos"}
{"level":"info","message":"------------ Database connection established successfully -------------","service":"momos"}
{"level":"info","message":"------ Table DDL queries executed successfully ----------------","service":"momos"}
{"level":"info","message":"Application is listening on port 16700","service":"momos"}
{"level":"info","message":"------------ Database connection established successfully -------------","service":"momos"}
{"level":"info","message":"------ Table DDL queries executed successfully ----------------","service":"momos"}
{"level":"info","message":"Application is listening on port 16700","service":"momos"}
{"level":"info","message":"------------ Database connection established successfully -------------","service":"momos"}
{"level":"info","message":"------ Table DDL queries executed successfully ----------------","service":"momos"}
{"level":"info","message":"Application is listening on port 16700","service":"momos"}
{"level":"info","message":"------------ Database connection established successfully -------------","service":"momos"}
{"level":"info","message":"------ Table DDL queries executed successfully ----------------","service":"momos"}
{"level":"info","message":"Application is listening on port 16700","service":"momos"}
{"level":"info","message":"------------ Database connection established successfully -------------","service":"momos"}
{"level":"info","message":"------ Table DDL queries executed successfully ----------------","service":"momos"}
{"level":"info","message":"Application is listening on port 16700","service":"momos"}
{"level":"info","message":"------------ Database connection established successfully -------------","service":"momos"}
{"level":"info","message":"------ Table DDL queries executed successfully ----------------","service":"momos"}
{"level":"info","message":"Application is listening on port 16700","service":"momos"}
{"level":"info","message":"------------ Database connection established successfully -------------","service":"momos"}
{"level":"info","message":"------ Table DDL queries executed successfully ----------------","service":"momos"}
{"level":"info","message":"Application is listening on port 16700","service":"momos"}
{"level":"info","message":"------------ Database connection established successfully -------------","service":"momos"}
{"level":"info","message":"------ Table DDL queries executed successfully ----------------","service":"momos"}
{"level":"info","message":"Application is listening on port 16700","service":"momos"}
{"level":"info","message":"------------ Database connection established successfully -------------","service":"momos"}
{"level":"info","message":"------ Table DDL queries executed successfully ----------------","service":"momos"}
{"level":"info","message":"Application is listening on port 16700","service":"momos"}
{"level":"info","message":"------------ Database connection established successfully -------------","service":"momos"}
{"level":"info","message":"------ Table DDL queries executed successfully ----------------","service":"momos"}
{"level":"info","message":"Application is listening on port 16700","service":"momos"}
{"level":"info","message":"------------ Database connection established successfully -------------","service":"momos"}
{"level":"info","message":"------ Table DDL queries executed successfully ----------------","service":"momos"}
{"level":"info","message":"Application is listening on port 16700","service":"momos"}
{"level":"info","message":"------------ Database connection established successfully -------------","service":"momos"}
{"level":"info","message":"------ Table DDL queries executed successfully ----------------","service":"momos"}
{"level":"info","message":"Application is listening on port 16700","service":"momos"}
{"level":"info","message":"------------ Database connection established successfully -------------","service":"momos"}
{"level":"info","message":"------ Table DDL queries executed successfully ----------------","service":"momos"}
{"level":"info","message":"Application is listening on port 16700","service":"momos"}
{"level":"info","message":"------------ Database connection established successfully -------------","service":"momos"}
{"level":"info","message":"------ Table DDL queries executed successfully ----------------","service":"momos"}
{"level":"info","message":"Application is listening on port 16700","service":"momos"}
{"level":"info","message":"------------ Database connection established successfully -------------","service":"momos"}
{"level":"info","message":"------ Table DDL queries executed successfully ----------------","service":"momos"}
{"level":"info","message":"Application is listening on port 16700","service":"momos"}
{"level":"info","message":"------------ Database connection established successfully -------------","service":"momos"}
{"level":"info","message":"------ Table DDL queries executed successfully ----------------","service":"momos"}
{"level":"info","message":"---------- hashing the password to a secure text ------------","service":"momos"}
{"level":"info","message":"Application is listening on port 16700","service":"momos"}
{"level":"info","message":"------------ Database connection established successfully -------------","service":"momos"}
{"level":"info","message":"------ Table DDL queries executed successfully ----------------","service":"momos"}
{"level":"info","message":"---------- hashing the password to a secure text ------------","service":"momos"}
{"level":"info","message":"---------- hashing the password to a secure text ------------","service":"momos"}
{"level":"error","message":"[error: axios call] [file: routes/scraper.ts] [message: Error: getaddrinfo ENOTFOUND www.momossasas.com]","service":"momos"}
{"level":"info","message":"Application is listening on port 16700","service":"momos"}
{"level":"info","message":"------------ Database connection established successfully -------------","service":"momos"}
{"level":"info","message":"------ Table DDL queries executed successfully ----------------","service":"momos"}
{"level":"info","message":"---------- hashing the password to a secure text ------------","service":"momos"}
{"level":"info","message":"Application is listening on port 16700","service":"momos"}
{"level":"info","message":"------------ Database connection established successfully -------------","service":"momos"}
{"level":"info","message":"------ Table DDL queries executed successfully ----------------","service":"momos"}
{"level":"info","message":"Application is listening on port 16700","service":"momos"}
{"level":"info","message":"------------ Database connection established successfully -------------","service":"momos"}
{"level":"info","message":"------ Table DDL queries executed successfully ----------------","service":"momos"}
